#
# There is insufficient memory for the Java Runtime Environment to continue.
# Native memory allocation (mmap) failed to map 266338304 bytes for Failed to commit area from 0x0000000702400000 to 0x0000000712200000 of length 266338304.
# Possible reasons:
#   The system is out of physical RAM or swap space
#   The process is running with CompressedOops enabled, and the Java Heap may be blocking the growth of the native heap
# Possible solutions:
#   Reduce memory load on the system
#   Increase physical memory or swap space
#   Check if swap backing store is full
#   Decrease Java heap size (-Xmx/-Xms)
#   Decrease number of Java threads
#   Decrease Java thread stack sizes (-Xss)
#   Set larger code cache with -XX:ReservedCodeCacheSize=
# This output file may be truncated or incomplete.
#
#  Out of Memory Error (src/hotspot/os/windows/os_windows.cpp:3627), pid=10492, tid=14688
#
# JRE version:  (11.0.15) (build )
# Java VM: OpenJDK 64-Bit Server VM (11.0.15+0-b2043.56-9505619, mixed mode, sharing, tiered, compressed oops, g1 gc, windows-amd64)
# No core dump will be written. Minidumps are not enabled by default on client versions of Windows
#

---------------  S U M M A R Y ------------

Command Line: git4idea.http.GitAskPassApp Username for 'https://git.fhict.nl': 

Host: Intel(R) Core(TM) i7-8750H CPU @ 2.20GHz, 12 cores, 15G,  Windows 10 , 64 bit Build 18362 (10.0.18362.1110)
Time: Wed Mar  1 15:17:07 2023 W. Europe Standard Time elapsed time: 0.008472 seconds (0d 0h 0m 0s)

---------------  T H R E A D  ---------------

Current thread (0x0000020ae53d2800):  JavaThread "Unknown thread" [_thread_in_vm, id=14688, stack(0x000000d5a6b00000,0x000000d5a6c00000)]

Stack: [0x000000d5a6b00000,0x000000d5a6c00000]
Native frames: (J=compiled Java code, j=interpreted, Vv=VM code, C=native code)
V  [jvm.dll+0x64135a]
V  [jvm.dll+0x7d39f9]
V  [jvm.dll+0x7d51b9]
V  [jvm.dll+0x7d58a3]
V  [jvm.dll+0x2691c5]
V  [jvm.dll+0x63e4e9]
V  [jvm.dll+0x632985]
V  [jvm.dll+0x3231ac]
V  [jvm.dll+0x323032]
V  [jvm.dll+0x327c06]
V  [jvm.dll+0x36ffa2]
V  [jvm.dll+0x36fa01]
V  [jvm.dll+0x2fea28]
V  [jvm.dll+0x2ffb25]
V  [jvm.dll+0x7accd7]
V  [jvm.dll+0x7ae49f]
V  [jvm.dll+0x37d299]
V  [jvm.dll+0x78ef9f]
V  [jvm.dll+0x3ec847]
V  [jvm.dll+0x3eed31]
C  [jli.dll+0x52cb]
C  [ucrtbase.dll+0x210b2]
C  [KERNEL32.DLL+0x17c24]
C  [ntdll.dll+0x6d4d1]


---------------  P R O C E S S  ---------------

Threads class SMR info:
_java_thread_list=0x0000020ae3148160, length=0, elements={
}

Java Threads: ( => current thread )

Other Threads:
  0x0000020ae53ea000 GCTaskThread "GC Thread#0" [stack: 0x000000d5a6c00000,0x000000d5a6d00000] [id=15364]
  0x0000020ae5445800 ConcurrentGCThread "G1 Main Marker" [stack: 0x000000d5a6d00000,0x000000d5a6e00000] [id=3896]
  0x0000020ae5447000 ConcurrentGCThread "G1 Conc#0" [stack: 0x000000d5a6e00000,0x000000d5a6f00000] [id=10440]

[error occurred during error reporting (printing all threads), id 0xc0000005, EXCEPTION_ACCESS_VIOLATION (0xc0000005) at pc=0x00007fff7302f3e7]

VM state:not at safepoint (not fully initialized)

VM Mutex/Monitor currently owned by a thread:  ([mutex/lock_event])
[0x0000020ae53d0080] Heap_lock - owner thread: 0x0000020ae53d2800

Heap address: 0x0000000702400000, size: 4060 MB, Compressed Oops mode: Non-zero based: 0x0000000702400000
Narrow klass base: 0x0000000000000000, Narrow klass shift: 0

GC Heap History (0 events):
No events

Deoptimization events (0 events):
No events

Classes redefined (0 events):
No events

Internal exceptions (0 events):
No events

Events (1 events):
Event: 0.005 Loaded shared library C:\Program Files\Android\Android Studio\jbr\bin\zip.dll


Dynamic libraries:
0x00007ff7bb210000 - 0x00007ff7bb21a000 	C:\Program Files\Android\Android Studio\jbr\bin\java.exe
0x00007fffc42e0000 - 0x00007fffc44d0000 	C:\Windows\SYSTEM32\ntdll.dll
0x00007fffc2630000 - 0x00007fffc26e2000 	C:\Windows\System32\KERNEL32.DLL
0x00007fffc1da0000 - 0x00007fffc2045000 	C:\Windows\System32\KERNELBASE.dll
0x00007fffc1390000 - 0x00007fffc148a000 	C:\Windows\System32\ucrtbase.dll
0x00007fffa9c30000 - 0x00007fffa9c4b000 	C:\Program Files\Android\Android Studio\jbr\bin\VCRUNTIME140.dll
0x00007fffab0e0000 - 0x00007fffab0f7000 	C:\Program Files\Android\Android Studio\jbr\bin\jli.dll
0x00007fffc3550000 - 0x00007fffc36e4000 	C:\Windows\System32\USER32.dll
0x00007fffad150000 - 0x00007fffad3d4000 	C:\Windows\WinSxS\amd64_microsoft.windows.common-controls_6595b64144ccf1df_6.0.18362.1198_none_9e820b57e45ad92f\COMCTL32.dll
0x00007fffc1d70000 - 0x00007fffc1d91000 	C:\Windows\System32\win32u.dll
0x00007fffc24e0000 - 0x00007fffc257e000 	C:\Windows\System32\msvcrt.dll
0x00007fffc24b0000 - 0x00007fffc24d6000 	C:\Windows\System32\GDI32.dll
0x00007fffc20a0000 - 0x00007fffc2236000 	C:\Windows\System32\gdi32full.dll
0x00007fffc3870000 - 0x00007fffc3ba5000 	C:\Windows\System32\combase.dll
0x00007fffc1c20000 - 0x00007fffc1cbe000 	C:\Windows\System32\msvcp_win.dll
0x00007fffc2390000 - 0x00007fffc24b0000 	C:\Windows\System32\RPCRT4.dll
0x00007fffc1310000 - 0x00007fffc1390000 	C:\Windows\System32\bcryptPrimitives.dll
0x00007fffc2b50000 - 0x00007fffc2b7e000 	C:\Windows\System32\IMM32.DLL
0x00007fffbb8e0000 - 0x00007fffbb8ec000 	C:\Program Files\Android\Android Studio\jbr\bin\vcruntime140_1.dll
0x00007fff8d7d0000 - 0x00007fff8d85d000 	C:\Program Files\Android\Android Studio\jbr\bin\msvcp140.dll
0x00007fff72d20000 - 0x00007fff738dc000 	C:\Program Files\Android\Android Studio\jbr\bin\server\jvm.dll
0x00007fffc36f0000 - 0x00007fffc3793000 	C:\Windows\System32\ADVAPI32.dll
0x00007fffc2b80000 - 0x00007fffc2c17000 	C:\Windows\System32\sechost.dll
0x00007fffc2d50000 - 0x00007fffc2d58000 	C:\Windows\System32\PSAPI.DLL
0x00007fffbd6a0000 - 0x00007fffbd6a9000 	C:\Windows\SYSTEM32\WSOCK32.dll
0x00007fffbeca0000 - 0x00007fffbecc4000 	C:\Windows\SYSTEM32\WINMM.dll
0x00007fffc3280000 - 0x00007fffc32ef000 	C:\Windows\System32\WS2_32.dll
0x00007fffba620000 - 0x00007fffba62a000 	C:\Windows\SYSTEM32\VERSION.dll
0x00007fffbec70000 - 0x00007fffbec9d000 	C:\Windows\SYSTEM32\WINMMBASE.dll
0x00007fffc2050000 - 0x00007fffc209a000 	C:\Windows\System32\cfgmgr32.dll
0x00007fffc1210000 - 0x00007fffc1221000 	C:\Windows\System32\kernel.appcore.dll
0x00007fffbd680000 - 0x00007fffbd690000 	C:\Program Files\Android\Android Studio\jbr\bin\verify.dll
0x00007fffbf9c0000 - 0x00007fffbfbb4000 	C:\Windows\SYSTEM32\DBGHELP.DLL
0x00007fffa4fc0000 - 0x00007fffa4fea000 	C:\Windows\SYSTEM32\dbgcore.DLL
0x00007fffbd650000 - 0x00007fffbd678000 	C:\Program Files\Android\Android Studio\jbr\bin\java.dll
0x00007fffbd640000 - 0x00007fffbd64a000 	C:\Program Files\Android\Android Studio\jbr\bin\jimage.dll
0x00007fffbd620000 - 0x00007fffbd638000 	C:\Program Files\Android\Android Studio\jbr\bin\zip.dll

dbghelp: loaded successfully - version: 4.0.5 - missing functions: none
symbol engine: initialized successfully - sym options: 0x614 - pdb path: .;C:\Program Files\Android\Android Studio\jbr\bin;C:\Windows\SYSTEM32;C:\Windows\WinSxS\amd64_microsoft.windows.common-controls_6595b64144ccf1df_6.0.18362.1198_none_9e820b57e45ad92f;C:\Program Files\Android\Android Studio\jbr\bin\server

VM Arguments:
java_command: git4idea.http.GitAskPassApp Username for 'https://git.fhict.nl': 
java_class_path (initial): C:/Program Files/Android/Android Studio/plugins/git4idea/lib/git4idea-rt.jar;C:/Program Files/Android/Android Studio/lib/externalProcess-rt.jar;C:/Program Files/Android/Android Studio/lib/app.jar;C:/Program Files/Android/Android Studio/lib/3rd-party-rt.jar
Launcher Type: SUN_STANDARD

[Global flags]
     intx CICompilerCount                          = 4                                         {product} {ergonomic}
     uint ConcGCThreads                            = 3                                         {product} {ergonomic}
     uint G1ConcRefinementThreads                  = 10                                        {product} {ergonomic}
   size_t G1HeapRegionSize                         = 1048576                                   {product} {ergonomic}
    uintx GCDrainStackTargetSize                   = 64                                        {product} {ergonomic}
   size_t InitialHeapSize                          = 266338304                                 {product} {ergonomic}
   size_t MarkStackSize                            = 4194304                                   {product} {ergonomic}
   size_t MaxHeapSize                              = 4257218560                                {product} {ergonomic}
   size_t MinHeapDeltaBytes                        = 1048576                                   {product} {ergonomic}
    uintx NonNMethodCodeHeapSize                   = 5836300                                {pd product} {ergonomic}
    uintx NonProfiledCodeHeapSize                  = 122910970                              {pd product} {ergonomic}
    uintx ProfiledCodeHeapSize                     = 122910970                              {pd product} {ergonomic}
    uintx ReservedCodeCacheSize                    = 251658240                              {pd product} {ergonomic}
     bool SegmentedCodeCache                       = true                                      {product} {ergonomic}
     bool UseCompressedClassPointers               = true                                 {lp64_product} {ergonomic}
     bool UseCompressedOops                        = true                                 {lp64_product} {ergonomic}
     bool UseG1GC                                  = true                                      {product} {ergonomic}
     bool UseLargePagesIndividualAllocation        = false                                  {pd product} {ergonomic}

Logging:
Log output configuration:
 #0: stdout all=warning uptime,level,tags
 #1: stderr all=off uptime,level,tags

Environment Variables:
PATH=C:\Program Files\Git\mingw64\libexec\git-core;C:\Program Files\Git\mingw64\libexec\git-core;C:\Program Files\Git\mingw64\libexec\git-core;C:\Program Files\Git\mingw64\bin;C:\Program Files\Git\usr\bin;C:\Users\Administrator\bin;C:\Windows\system32;C:\Windows;C:\Windows\System32\Wbem;C:\Windows\System32\WindowsPowerShell\v1.0;C:\Windows\System32\OpenSSH;C:\Program Files\dotnet;C:\Program Files\Microsoft SQL Server\130\Tools\Binn;C:\Program Files\Intel\WiFi\bin;C:\Program Files\Common Files\Intel\WirelessCommon;C:\Program Files\Microsoft SQL Server\Client SDK\ODBC\170\Tools\Binn;C:\Program Files\Git\cmd;C:\Users\Administrator\AppData\Local\Microsoft\WindowsApps;C:\Users\Administrator\AppData\Local\Programs\Microsoft VS Code\bin
USERNAME=Administrator
DISPLAY=:0.0
LC_ALL=en_US.UTF-8
OS=Windows_NT
PROCESSOR_IDENTIFIER=Intel64 Family 6 Model 158 Stepping 10, GenuineIntel



---------------  S Y S T E M  ---------------

OS: Windows 10 , 64 bit Build 18362 (10.0.18362.1110)
OS uptime: 0 days 5:41 hours

CPU:total 12 (initial active 12) (6 cores per cpu, 2 threads per core) family 6 model 158 stepping 10 microcode 0xb4, cmov, cx8, fxsr, mmx, sse, sse2, sse3, ssse3, sse4.1, sse4.2, popcnt, avx, avx2, aes, clmul, erms, 3dnowpref, lzcnt, ht, tsc, tscinvbit, bmi1, bmi2, adx, fma

Memory: 4k page, system-wide physical 16235M (2434M free)
TotalPageFile size 16235M (AvailPageFile size 258M)
current process WorkingSet (physical memory assigned to process): 10M, peak: 10M
current process commit charge ("private bytes"): 64M, peak: 318M

vm_info: OpenJDK 64-Bit Server VM (11.0.15+0-b2043.56-9505619) for windows-amd64 JRE (11.0.15+0-b2043.56-9505619), built on Jan 19 2023 02:48:00 by "builduser" with unknown MS VC++:1929

END.
